<?xml version="1.0" encoding="UTF-8"?>
<!-- Generated by org.testng.reporters.JUnitXMLReporter -->
<testsuite hostname="LAPTOP-U6TJ3PMQ" ignored="0" name="CodingTest" tests="4" failures="1" timestamp="18 Oct 2018 04:49:24 GMT" time="141.9" errors="0">
  <testcase name="priceCheck" time="30.516" classname="realtor.scenario4SecondSearchResultTest">
    <failure type="java.lang.AssertionError" message="null">
      <![CDATA[java.lang.AssertionError: null
at realtor.scenario1Test.websiteNavigation(scenario1Test.java:28)
at realtor.scenario4SecondSearchResultTest.priceCheck(scenario4SecondSearchResultTest.java:22)
... Removed 27 stack frames]]>
    </failure>
  </testcase> <!-- priceCheck -->
  <testcase name="resultSearch" time="36.489" classname="realtor.scenario2Test"/>
  <testcase name="selectRandomImgUrl" time="33.446" classname="realtor.scenario3BonusTest"/>
  <testcase name="websiteNavigation" time="34.76" classname="realtor.scenario1Test"/>
</testsuite> <!-- CodingTest -->
